<?xml version="1.0" encoding="UTF-8"?>
<!-- Generated by org.testng.reporters.JUnitReportReporter -->
<testsuite skipped="0" hostname="yefim-VirtualBox" name="tests.temp.SampleUITestCase" tests="1" failures="0" timestamp="2020-09-28T20:33:53 EDT" time="2.570" errors="0">
  <testcase name="test" time="2.570" classname="tests.temp.SampleUITestCase"/>
  <system-out/>
</testsuite> <!-- tests.temp.SampleUITestCase -->
