<?xml version="1.0" encoding="UTF-8"?>
<!-- Generated by org.testng.reporters.JUnitReportReporter -->
<testsuite skipped="0" hostname="yefim-VirtualBox" name="tests.temp.SampleAPITestCase" tests="1" failures="0" timestamp="2020-10-01T12:08:36 EDT" time="0.913" errors="0">
  <testcase name="GetWeatherDetails" time="0.913" classname="tests.temp.SampleAPITestCase"/>
  <system-out/>
</testsuite> <!-- tests.temp.SampleAPITestCase -->
