<?xml version="1.0" encoding="UTF-8"?>
<!-- Generated by org.testng.reporters.JUnitReportReporter -->
<testsuite skipped="0" hostname="yefim-VirtualBox" name="tests.temp.SampleTestCase" tests="1" failures="0" timestamp="2020-09-22T16:00:47 EDT" time="13.444" errors="0">
  <testcase name="test" time="13.444" classname="tests.temp.SampleTestCase"/>
  <system-out/>
</testsuite> <!-- tests.temp.SampleTestCase -->
